2025-02-24 21:36:31,767 [WARN] from javafx in application-akka.actor.default-dispatcher-7 - Unsupported JavaFX configuration: classes were loaded from 'unnamed module @257cc3d'
2025-02-24 21:36:37,349 [ERROR] from com.jpro.internal.server.ViewSerializerActor in JavaFX Application Thread - JavaFXStreamer - got Exception: 
java.lang.ClassNotFoundException: banyanboard_backend.banyanboard_backend.Main
	at java.base/jdk.internal.loader.BuiltinClassLoader.loadClass(BuiltinClassLoader.java:641)
	at java.base/jdk.internal.loader.ClassLoaders$AppClassLoader.loadClass(ClassLoaders.java:188)
	at java.base/java.lang.ClassLoader.loadClass(ClassLoader.java:526)
	at simplefx.util.ReflectionUtil.loadClass(ReflectionUtil.scala:38)
	at simplefx.util.ReflectionUtil.callNew(ReflectionUtil.scala:103)
	at com.jpro.internal.config.ApplicationStarter$.startApplication(ApplicationStarter.scala:108)
	at com.jpro.internal.config.ApplicationStarter$.requestApplication(ApplicationStarter.scala:94)
	at com.jpro.internal.config.ApplicationStarter$.getApplication(ApplicationStarter.scala:60)
	at com.jpro.internal.communicator.ViewImpl.<init>(ViewImpl.scala:34)
	at com.jpro.internal.server.ViewByActor.<init>(ViewSerializerActor.scala:120)
	at com.jpro.internal.server.ViewSerializerActor$$anonfun$receive$2$$anonfun$applyOrElse$1.$anonfun$applyOrElse$2(ViewSerializerActor.scala:75)
	at simplefx.cores.standard.parts.CoreTimeEvent$$anon$3.run(CoreTimeEvent.scala:62)
	at com.sun.javafx.application.PlatformImpl.lambda$runLater$10(PlatformImpl.java:457)
	at java.base/java.security.AccessController.doPrivileged(AccessController.java:400)
	at com.sun.javafx.application.PlatformImpl.lambda$runLater$11(PlatformImpl.java:456)
	at com.sun.glass.ui.monocle.RunnableProcessor.runLoop(RunnableProcessor.java:92)
	at com.sun.glass.ui.monocle.RunnableProcessor.run(RunnableProcessor.java:51)
	at java.base/java.lang.Thread.run(Thread.java:1583)
2025-02-24 21:36:42,631 [ERROR] from com.jpro.internal.server.ViewSerializerActor in JavaFX Application Thread - JavaFXStreamer - got Exception: 
java.lang.ClassNotFoundException: banyanboard_backend.banyanboard_backend.Main
	at java.base/jdk.internal.loader.BuiltinClassLoader.loadClass(BuiltinClassLoader.java:641)
	at java.base/jdk.internal.loader.ClassLoaders$AppClassLoader.loadClass(ClassLoaders.java:188)
	at java.base/java.lang.ClassLoader.loadClass(ClassLoader.java:526)
	at simplefx.util.ReflectionUtil.loadClass(ReflectionUtil.scala:38)
	at simplefx.util.ReflectionUtil.callNew(ReflectionUtil.scala:103)
	at com.jpro.internal.config.ApplicationStarter$.startApplication(ApplicationStarter.scala:108)
	at com.jpro.internal.config.ApplicationStarter$.requestApplication(ApplicationStarter.scala:94)
	at com.jpro.internal.config.ApplicationStarter$.getApplication(ApplicationStarter.scala:60)
	at com.jpro.internal.communicator.ViewImpl.<init>(ViewImpl.scala:34)
	at com.jpro.internal.server.ViewByActor.<init>(ViewSerializerActor.scala:120)
	at com.jpro.internal.server.ViewSerializerActor$$anonfun$receive$2$$anonfun$applyOrElse$1.$anonfun$applyOrElse$2(ViewSerializerActor.scala:75)
	at simplefx.cores.standard.parts.CoreTimeEvent$$anon$3.run(CoreTimeEvent.scala:62)
	at com.sun.javafx.application.PlatformImpl.lambda$runLater$10(PlatformImpl.java:457)
	at java.base/java.security.AccessController.doPrivileged(AccessController.java:400)
	at com.sun.javafx.application.PlatformImpl.lambda$runLater$11(PlatformImpl.java:456)
	at com.sun.glass.ui.monocle.RunnableProcessor.runLoop(RunnableProcessor.java:92)
	at com.sun.glass.ui.monocle.RunnableProcessor.run(RunnableProcessor.java:51)
	at java.base/java.lang.Thread.run(Thread.java:1583)
2025-02-24 21:36:46,442 [ERROR] from com.jpro.internal.server.ViewSerializerActor in JavaFX Application Thread - JavaFXStreamer - got Exception: 
java.lang.ClassNotFoundException: banyanboard_backend.banyanboard_backend.Main
	at java.base/jdk.internal.loader.BuiltinClassLoader.loadClass(BuiltinClassLoader.java:641)
	at java.base/jdk.internal.loader.ClassLoaders$AppClassLoader.loadClass(ClassLoaders.java:188)
	at java.base/java.lang.ClassLoader.loadClass(ClassLoader.java:526)
	at simplefx.util.ReflectionUtil.loadClass(ReflectionUtil.scala:38)
	at simplefx.util.ReflectionUtil.callNew(ReflectionUtil.scala:103)
	at com.jpro.internal.config.ApplicationStarter$.startApplication(ApplicationStarter.scala:108)
	at com.jpro.internal.config.ApplicationStarter$.requestApplication(ApplicationStarter.scala:94)
	at com.jpro.internal.config.ApplicationStarter$.getApplication(ApplicationStarter.scala:60)
	at com.jpro.internal.communicator.ViewImpl.<init>(ViewImpl.scala:34)
	at com.jpro.internal.server.ViewByActor.<init>(ViewSerializerActor.scala:120)
	at com.jpro.internal.server.ViewSerializerActor$$anonfun$receive$2$$anonfun$applyOrElse$1.$anonfun$applyOrElse$2(ViewSerializerActor.scala:75)
	at simplefx.cores.standard.parts.CoreTimeEvent$$anon$3.run(CoreTimeEvent.scala:62)
	at com.sun.javafx.application.PlatformImpl.lambda$runLater$10(PlatformImpl.java:457)
	at java.base/java.security.AccessController.doPrivileged(AccessController.java:400)
	at com.sun.javafx.application.PlatformImpl.lambda$runLater$11(PlatformImpl.java:456)
	at com.sun.glass.ui.monocle.RunnableProcessor.runLoop(RunnableProcessor.java:92)
	at com.sun.glass.ui.monocle.RunnableProcessor.run(RunnableProcessor.java:51)
	at java.base/java.lang.Thread.run(Thread.java:1583)
2025-02-24 21:56:37,090 [WARN] from javafx in application-akka.actor.default-dispatcher-8 - Unsupported JavaFX configuration: classes were loaded from 'unnamed module @6117d41b'
2025-02-24 21:56:40,433 [ERROR] from com.jpro.internal.server.ViewSerializerActor in JavaFX Application Thread - JavaFXStreamer - got Exception: 
java.lang.ClassNotFoundException: banyanboard_backend.banyanboard_backend.Main
	at java.base/jdk.internal.loader.BuiltinClassLoader.loadClass(BuiltinClassLoader.java:641)
	at java.base/jdk.internal.loader.ClassLoaders$AppClassLoader.loadClass(ClassLoaders.java:188)
	at java.base/java.lang.ClassLoader.loadClass(ClassLoader.java:526)
	at simplefx.util.ReflectionUtil.loadClass(ReflectionUtil.scala:38)
	at simplefx.util.ReflectionUtil.callNew(ReflectionUtil.scala:103)
	at com.jpro.internal.config.ApplicationStarter$.startApplication(ApplicationStarter.scala:108)
	at com.jpro.internal.config.ApplicationStarter$.requestApplication(ApplicationStarter.scala:94)
	at com.jpro.internal.config.ApplicationStarter$.getApplication(ApplicationStarter.scala:60)
	at com.jpro.internal.communicator.ViewImpl.<init>(ViewImpl.scala:34)
	at com.jpro.internal.server.ViewByActor.<init>(ViewSerializerActor.scala:120)
	at com.jpro.internal.server.ViewSerializerActor$$anonfun$receive$2$$anonfun$applyOrElse$1.$anonfun$applyOrElse$2(ViewSerializerActor.scala:75)
	at simplefx.cores.standard.parts.CoreTimeEvent$$anon$3.run(CoreTimeEvent.scala:62)
	at com.sun.javafx.application.PlatformImpl.lambda$runLater$10(PlatformImpl.java:457)
	at java.base/java.security.AccessController.doPrivileged(AccessController.java:400)
	at com.sun.javafx.application.PlatformImpl.lambda$runLater$11(PlatformImpl.java:456)
	at com.sun.glass.ui.monocle.RunnableProcessor.runLoop(RunnableProcessor.java:92)
	at com.sun.glass.ui.monocle.RunnableProcessor.run(RunnableProcessor.java:51)
	at java.base/java.lang.Thread.run(Thread.java:1583)
2025-02-24 21:56:45,573 [ERROR] from com.jpro.internal.server.ViewSerializerActor in JavaFX Application Thread - JavaFXStreamer - got Exception: 
java.lang.ClassNotFoundException: banyanboard_backend.banyanboard_backend.Main
	at java.base/jdk.internal.loader.BuiltinClassLoader.loadClass(BuiltinClassLoader.java:641)
	at java.base/jdk.internal.loader.ClassLoaders$AppClassLoader.loadClass(ClassLoaders.java:188)
	at java.base/java.lang.ClassLoader.loadClass(ClassLoader.java:526)
	at simplefx.util.ReflectionUtil.loadClass(ReflectionUtil.scala:38)
	at simplefx.util.ReflectionUtil.callNew(ReflectionUtil.scala:103)
	at com.jpro.internal.config.ApplicationStarter$.startApplication(ApplicationStarter.scala:108)
	at com.jpro.internal.config.ApplicationStarter$.requestApplication(ApplicationStarter.scala:94)
	at com.jpro.internal.config.ApplicationStarter$.getApplication(ApplicationStarter.scala:60)
	at com.jpro.internal.communicator.ViewImpl.<init>(ViewImpl.scala:34)
	at com.jpro.internal.server.ViewByActor.<init>(ViewSerializerActor.scala:120)
	at com.jpro.internal.server.ViewSerializerActor$$anonfun$receive$2$$anonfun$applyOrElse$1.$anonfun$applyOrElse$2(ViewSerializerActor.scala:75)
	at simplefx.cores.standard.parts.CoreTimeEvent$$anon$3.run(CoreTimeEvent.scala:62)
	at com.sun.javafx.application.PlatformImpl.lambda$runLater$10(PlatformImpl.java:457)
	at java.base/java.security.AccessController.doPrivileged(AccessController.java:400)
	at com.sun.javafx.application.PlatformImpl.lambda$runLater$11(PlatformImpl.java:456)
	at com.sun.glass.ui.monocle.RunnableProcessor.runLoop(RunnableProcessor.java:92)
	at com.sun.glass.ui.monocle.RunnableProcessor.run(RunnableProcessor.java:51)
	at java.base/java.lang.Thread.run(Thread.java:1583)
2025-02-24 21:56:50,646 [ERROR] from com.jpro.internal.server.ViewSerializerActor in JavaFX Application Thread - JavaFXStreamer - got Exception: 
java.lang.ClassNotFoundException: banyanboard_backend.banyanboard_backend.Main
	at java.base/jdk.internal.loader.BuiltinClassLoader.loadClass(BuiltinClassLoader.java:641)
	at java.base/jdk.internal.loader.ClassLoaders$AppClassLoader.loadClass(ClassLoaders.java:188)
	at java.base/java.lang.ClassLoader.loadClass(ClassLoader.java:526)
	at simplefx.util.ReflectionUtil.loadClass(ReflectionUtil.scala:38)
	at simplefx.util.ReflectionUtil.callNew(ReflectionUtil.scala:103)
	at com.jpro.internal.config.ApplicationStarter$.startApplication(ApplicationStarter.scala:108)
	at com.jpro.internal.config.ApplicationStarter$.requestApplication(ApplicationStarter.scala:94)
	at com.jpro.internal.config.ApplicationStarter$.getApplication(ApplicationStarter.scala:60)
	at com.jpro.internal.communicator.ViewImpl.<init>(ViewImpl.scala:34)
	at com.jpro.internal.server.ViewByActor.<init>(ViewSerializerActor.scala:120)
	at com.jpro.internal.server.ViewSerializerActor$$anonfun$receive$2$$anonfun$applyOrElse$1.$anonfun$applyOrElse$2(ViewSerializerActor.scala:75)
	at simplefx.cores.standard.parts.CoreTimeEvent$$anon$3.run(CoreTimeEvent.scala:62)
	at com.sun.javafx.application.PlatformImpl.lambda$runLater$10(PlatformImpl.java:457)
	at java.base/java.security.AccessController.doPrivileged(AccessController.java:400)
	at com.sun.javafx.application.PlatformImpl.lambda$runLater$11(PlatformImpl.java:456)
	at com.sun.glass.ui.monocle.RunnableProcessor.runLoop(RunnableProcessor.java:92)
	at com.sun.glass.ui.monocle.RunnableProcessor.run(RunnableProcessor.java:51)
	at java.base/java.lang.Thread.run(Thread.java:1583)
2025-02-24 21:57:05,757 [ERROR] from com.jpro.internal.server.ViewSerializerActor in JavaFX Application Thread - JavaFXStreamer - got Exception: 
java.lang.ClassNotFoundException: banyanboard_backend.banyanboard_backend.Main
	at java.base/jdk.internal.loader.BuiltinClassLoader.loadClass(BuiltinClassLoader.java:641)
	at java.base/jdk.internal.loader.ClassLoaders$AppClassLoader.loadClass(ClassLoaders.java:188)
	at java.base/java.lang.ClassLoader.loadClass(ClassLoader.java:526)
	at simplefx.util.ReflectionUtil.loadClass(ReflectionUtil.scala:38)
	at simplefx.util.ReflectionUtil.callNew(ReflectionUtil.scala:103)
	at com.jpro.internal.config.ApplicationStarter$.startApplication(ApplicationStarter.scala:108)
	at com.jpro.internal.config.ApplicationStarter$.requestApplication(ApplicationStarter.scala:94)
	at com.jpro.internal.config.ApplicationStarter$.getApplication(ApplicationStarter.scala:60)
	at com.jpro.internal.communicator.ViewImpl.<init>(ViewImpl.scala:34)
	at com.jpro.internal.server.ViewByActor.<init>(ViewSerializerActor.scala:120)
	at com.jpro.internal.server.ViewSerializerActor$$anonfun$receive$2$$anonfun$applyOrElse$1.$anonfun$applyOrElse$2(ViewSerializerActor.scala:75)
	at simplefx.cores.standard.parts.CoreTimeEvent$$anon$3.run(CoreTimeEvent.scala:62)
	at com.sun.javafx.application.PlatformImpl.lambda$runLater$10(PlatformImpl.java:457)
	at java.base/java.security.AccessController.doPrivileged(AccessController.java:400)
	at com.sun.javafx.application.PlatformImpl.lambda$runLater$11(PlatformImpl.java:456)
	at com.sun.glass.ui.monocle.RunnableProcessor.runLoop(RunnableProcessor.java:92)
	at com.sun.glass.ui.monocle.RunnableProcessor.run(RunnableProcessor.java:51)
	at java.base/java.lang.Thread.run(Thread.java:1583)
2025-02-24 22:11:22,726 [WARN] from javafx in application-akka.actor.default-dispatcher-5 - Unsupported JavaFX configuration: classes were loaded from 'unnamed module @757f1428'
2025-02-24 22:25:48,414 [WARN] from com.jpro.meta.tk.SceneInputListener in JavaFX Application Thread - Unknown Keycode: 186
2025-02-24 22:25:48,490 [WARN] from com.jpro.meta.tk.SceneInputListener in JavaFX Application Thread - Unknown Keycode: 186
2025-02-24 22:25:49,678 [WARN] from com.jpro.meta.tk.SceneInputListener in JavaFX Application Thread - Unknown Keycode: 186
2025-02-24 22:25:49,756 [WARN] from com.jpro.meta.tk.SceneInputListener in JavaFX Application Thread - Unknown Keycode: 186
2025-02-24 23:02:44,072 [WARN] from com.jpro.meta.tk.SceneInputListener in JavaFX Application Thread - Unknown Keycode: 186
2025-02-24 23:02:44,156 [WARN] from com.jpro.meta.tk.SceneInputListener in JavaFX Application Thread - Unknown Keycode: 186
2025-02-24 23:02:45,314 [WARN] from com.jpro.meta.tk.SceneInputListener in JavaFX Application Thread - Unknown Keycode: 186
2025-02-24 23:02:45,405 [WARN] from com.jpro.meta.tk.SceneInputListener in JavaFX Application Thread - Unknown Keycode: 186
2025-02-24 23:08:36,258 [WARN] from com.jpro.meta.tk.SceneInputListener in JavaFX Application Thread - Unknown Keycode: 186
2025-02-24 23:08:36,350 [WARN] from com.jpro.meta.tk.SceneInputListener in JavaFX Application Thread - Unknown Keycode: 186
2025-02-24 23:08:37,757 [WARN] from com.jpro.meta.tk.SceneInputListener in JavaFX Application Thread - Unknown Keycode: 186
2025-02-24 23:08:37,840 [WARN] from com.jpro.meta.tk.SceneInputListener in JavaFX Application Thread - Unknown Keycode: 186
